<?xml version="1.0" encoding="UTF-8"?>
<!-- Generated by org.testng.reporters.JUnitXMLReporter -->
<testsuite hostname="DESKTOP-SK5IA9L" ignored="2" name="Default test(failed)" tests="1" failures="0" timestamp="22 Feb 2020 10:36:29 GMT" time="23.916" errors="0">
  <testcase name="loginPageTitletest" time="0.087" classname="com.qa.poj.testcases.LoginPageTest"/>
  <testcase name="crmImgLogoTest" time="0.0" classname="com.qa.poj.testcases.LoginPageTest">
    <ignored/>
  </testcase> <!-- crmImgLogoTest -->
  <testcase name="loginTest" time="0.0" classname="com.qa.poj.testcases.LoginPageTest">
    <ignored/>
  </testcase> <!-- loginTest -->
</testsuite> <!-- Default test(failed) -->
