<?xml version="1.0" encoding="UTF-8"?>
<!-- Generated by org.testng.reporters.JUnitXMLReporter -->
<testsuite hostname="DESKTOP-SK5IA9L" ignored="0" name="Free CRM App Test Cases" tests="5" failures="2" timestamp="01 May 2020 04:30:55 GMT" time="87.809" errors="0">
  <testcase name="loginPageTitletest" time="0.051" classname="com.qa.poj.testcases.LoginPageTest">
    <skipped/>
  </testcase> <!-- loginPageTitletest -->
  <testcase name="loginPageTitletest" time="0.018" classname="com.qa.poj.testcases.LoginPageTest">
    <failure type="java.lang.AssertionError" message="expected [Cogmento CRM1] but found [Cogmento CRM]">
      <![CDATA[java.lang.AssertionError: expected [Cogmento CRM1] but found [Cogmento CRM]
	at com.qa.poj.testcases.LoginPageTest.loginPageTitletest(LoginPageTest.java:33)
... Removed 31 stack frames]]>
    </failure>
  </testcase> <!-- loginPageTitletest -->
  <testcase name="crmImgLogoTest" time="0.155" classname="com.qa.poj.testcases.LoginPageTest">
    <skipped/>
  </testcase> <!-- crmImgLogoTest -->
  <testcase name="crmImgLogoTest" time="0.101" classname="com.qa.poj.testcases.LoginPageTest">
    <failure type="java.lang.AssertionError" message="expected [true] but found [false]">
      <![CDATA[java.lang.AssertionError: expected [true] but found [false]
	at com.qa.poj.testcases.LoginPageTest.crmImgLogoTest(LoginPageTest.java:41)
... Removed 29 stack frames]]>
    </failure>
  </testcase> <!-- crmImgLogoTest -->
  <testcase name="loginTest" time="0.752" classname="com.qa.poj.testcases.LoginPageTest"/>
</testsuite> <!-- Free CRM App Test Cases -->
